<?xml version="1.0" encoding="UTF-8"?>
<!-- Generated by org.testng.reporters.JUnitXMLReporter -->
<testsuite hostname="Vibhav" ignored="0" name="Free CRM Application test" tests="3" failures="1" timestamp="21 Jul 2019 16:58:20 GMT" time="64.806" errors="0">
  <testcase name="loginPageTitleTest" time="0.429" classname="com.crm.qa.testCases.LoginPageTest">
    <failure type="java.lang.AssertionError" message="expected [Free CRM software for any Business1] but found [Free CRM software for any Business]">
      <![CDATA[java.lang.AssertionError: expected [Free CRM software for any Business1] but found [Free CRM software for any Business]
at com.crm.qa.testCases.LoginPageTest.loginPageTitleTest(LoginPageTest.java:31)
... Removed 31 stack frames]]>
    </failure>
  </testcase> <!-- loginPageTitleTest -->
  <testcase name="titleCheck" time="0.726" classname="com.crm.qa.testCases.LoginPageTest"/>
  <testcase name="loginTest" time="27.891" classname="com.crm.qa.testCases.LoginPageTest"/>
</testsuite> <!-- Free CRM Application test -->
