<?xml version="1.0" encoding="UTF-8"?>
<testng-results skipped="0" failed="0" ignored="0" total="1" passed="1">
  <reporter-output>
  </reporter-output>
  <suite name="Default suite" duration-ms="7671" started-at="2020-03-22T22:45:19 IST" finished-at="2020-03-22T22:45:27 IST">
    <groups>
    </groups>
    <test name="Default test" duration-ms="7671" started-at="2020-03-22T22:45:19 IST" finished-at="2020-03-22T22:45:27 IST">
      <class name="com.GenHealthy.MultipleWindowsHandle">
        <test-method status="PASS" signature="multipleWindows()[pri:0, instance:com.GenHealthy.MultipleWindowsHandle@4c163e3]" name="multipleWindows" duration-ms="7586" started-at="2020-03-22T22:45:19 IST" finished-at="2020-03-22T22:45:27 IST">
          <reporter-output>
          </reporter-output>
        </test-method> <!-- multipleWindows -->
      </class> <!-- com.GenHealthy.MultipleWindowsHandle -->
    </test> <!-- Default test -->
  </suite> <!-- Default suite -->
</testng-results>
